ERR 2023-05-02T20:09:35.893 nvimsocket decor_provider_invoke:47: error in provider (UNKNOWN PLUGIN):buf: Error executing lua: attempt to call a nil value
stack traceback:
ERR 2023-05-02T20:15:50.533 nvimsocket decor_provider_invoke:47: error in provider (UNKNOWN PLUGIN):buf: Error executing lua: attempt to call a nil value
stack traceback:
ERR 2023-05-02T20:20:54.654 nvimsocket decor_provider_invoke:47: error in provider (UNKNOWN PLUGIN):buf: Error executing lua: attempt to call a nil value
stack traceback:
ERR 2023-05-02T20:21:07.811 nvimsocket decor_provider_invoke:47: error in provider (UNKNOWN PLUGIN):buf: Error executing lua: attempt to call a nil value
stack traceback:
ERR 2023-05-02T20:21:52.919 nvimsocket decor_provider_invoke:47: error in provider (UNKNOWN PLUGIN):buf: Error executing lua: attempt to call a nil value
stack traceback:
ERR 2023-05-02T20:30:35.471 nvimsocket decor_provider_invoke:47: error in provider (UNKNOWN PLUGIN):buf: Error executing lua: attempt to call a nil value
stack traceback:
ERR 2023-05-02T21:09:19.721 nvimsocket decor_provider_invoke:47: error in provider (UNKNOWN PLUGIN):buf: Error executing lua: attempt to call a nil value
stack traceback:
ERR 2023-05-02T21:09:50.159 nvimsocket decor_provider_invoke:47: error in provider (UNKNOWN PLUGIN):buf: Error executing lua: attempt to call a nil value
stack traceback:
ERR 2023-05-02T21:10:14.453 nvimsocket decor_provider_invoke:47: error in provider (UNKNOWN PLUGIN):buf: Error executing lua: attempt to call a nil value
stack traceback:
ERR 2023-05-02T21:14:15.020 nvimsocket decor_provider_invoke:47: error in provider (UNKNOWN PLUGIN):buf: Error executing lua: attempt to call a nil value
stack traceback:
ERR 2023-05-02T21:14:35.196 nvimsocket decor_provider_invoke:47: error in provider (UNKNOWN PLUGIN):buf: Error executing lua: attempt to call a nil value
stack traceback:
ERR 2023-05-02T21:15:33.375 nvimsocket decor_provider_invoke:47: error in provider (UNKNOWN PLUGIN):buf: Error executing lua: attempt to call a nil value
stack traceback:
ERR 2023-05-02T21:16:28.215 nvimsocket decor_provider_invoke:47: error in provider (UNKNOWN PLUGIN):buf: Error executing lua: attempt to call a nil value
stack traceback:
ERR 2023-05-02T21:18:16.640 nvimsocket decor_provider_invoke:47: error in provider (UNKNOWN PLUGIN):buf: Error executing lua: attempt to call a nil value
stack traceback:
ERR 2023-05-02T21:20:59.178 nvimsocket decor_provider_invoke:47: error in provider (UNKNOWN PLUGIN):buf: Error executing lua: attempt to call a nil value
stack traceback:
ERR 2023-05-02T21:21:42.472 nvimsocket decor_provider_invoke:47: error in provider (UNKNOWN PLUGIN):buf: Error executing lua: attempt to call a nil value
stack traceback:
ERR 2023-05-02T21:24:32.851 nvimsocket decor_provider_invoke:47: error in provider (UNKNOWN PLUGIN):buf: Error executing lua: attempt to call a nil value
stack traceback:
ERR 2023-05-02T21:24:48.582 nvimsocket decor_provider_invoke:47: error in provider (UNKNOWN PLUGIN):buf: Error executing lua: attempt to call a nil value
stack traceback:
ERR 2023-05-02T21:27:07.395 nvimsocket decor_provider_invoke:47: error in provider (UNKNOWN PLUGIN):buf: Error executing lua: attempt to call a nil value
stack traceback:
ERR 2023-05-02T21:27:34.955 nvimsocket decor_provider_invoke:47: error in provider (UNKNOWN PLUGIN):buf: Error executing lua: attempt to call a nil value
stack traceback:
ERR 2023-05-02T21:28:02.575 nvimsocket decor_provider_invoke:47: error in provider (UNKNOWN PLUGIN):buf: Error executing lua: attempt to call a nil value
stack traceback:
ERR 2023-05-02T21:29:08.294 nvimsocket decor_provider_invoke:47: error in provider (UNKNOWN PLUGIN):buf: Error executing lua: attempt to call a nil value
stack traceback:
ERR 2023-05-02T21:29:23.758 nvimsocket decor_provider_invoke:47: error in provider (UNKNOWN PLUGIN):buf: Error executing lua: attempt to call a nil value
stack traceback:
ERR 2023-05-02T21:29:34.227 nvimsocket decor_provider_invoke:47: error in provider (UNKNOWN PLUGIN):buf: Error executing lua: attempt to call a nil value
stack traceback:
ERR 2023-05-02T21:55:37.886 nvimsocket decor_provider_invoke:47: error in provider (UNKNOWN PLUGIN):buf: Error executing lua: attempt to call a nil value
stack traceback:
ERR 2023-05-02T22:22:22.424 nvimsocket decor_provider_invoke:47: error in provider (UNKNOWN PLUGIN):line: Error executing lua: attempt to call a nil value
stack traceback:
ERR 2023-05-02T22:22:22.424 nvimsocket decor_provider_invoke:47: error in provider telescope_multiselection:line: Error executing lua: attempt to call a nil value
stack traceback:
ERR 2023-05-02T22:22:22.425 nvimsocket decor_provider_invoke:47: error in provider (UNKNOWN PLUGIN):end: Error executing lua: ...local/share/nvim/lazy/lazy.nvim/lua/lazy/core/loader.lua:450: attempt to concatenate local 'name' (a function value)
stack traceback:
	...local/share/nvim/lazy/lazy.nvim/lua/lazy/core/loader.lua:450: in function 'colorscheme'
	...local/share/nvim/lazy/lazy.nvim/lua/lazy/core/loader.lua:31: in function <...local/share/nvim/lazy/lazy.nvim/lua/lazy/core/loader.lua:30>
ERR 2023-05-02T22:22:22.425 nvimsocket decor_provider_invoke:47: error in provider telescope_multiselection:end: Error executing lua: attempt to call a nil value
stack traceback:
ERR 2023-05-02T22:22:34.374 nvimsocket decor_provider_invoke:47: error in provider (UNKNOWN PLUGIN):line: Error executing lua: attempt to call a nil value
stack traceback:
ERR 2023-05-02T22:22:34.374 nvimsocket decor_provider_invoke:47: error in provider (UNKNOWN PLUGIN):line: Error executing lua: attempt to call a userdata value
stack traceback:
ERR 2023-05-02T22:22:34.374 nvimsocket decor_provider_invoke:47: error in provider (UNKNOWN PLUGIN):end: Error executing lua: attempt to call a nil value
stack traceback:
ERR 2023-05-02T22:22:34.374 nvimsocket decor_provider_invoke:47: error in provider (UNKNOWN PLUGIN):end: Error executing lua: attempt to call a nil value
stack traceback:
ERR 2023-05-02T22:22:34.374 nvimsocket decor_provider_invoke:47: error in provider (UNKNOWN PLUGIN):end: Error executing lua: attempt to call a userdata value
stack traceback:
